<?xml version="1.0" encoding="UTF-8"?>
<!-- Generated by org.testng.reporters.JUnitReportReporter -->
<testsuite hostname="DESKTOP-THD52OT" failures="0" tests="1" name="Selenium_PageFactory.Page_Factory_Frameworks.AppTest" time="23.364" errors="0" timestamp="2024-02-17T13:37:32 EST" skipped="0">
  <testcase classname="Selenium_PageFactory.Page_Factory_Frameworks.AppTest" name="application" time="23.364"/>
  <system-out/>
</testsuite> <!-- Selenium_PageFactory.Page_Factory_Frameworks.AppTest -->
